<?xml version="1.0" encoding="UTF-8"?>
<!-- Generated by org.testng.reporters.JUnitReportReporter -->
<testsuite hostname="DELL" failures="0" tests="1" name="Datdrivenfreamwrk.Bothcrt" time="15.086" errors="0" timestamp="2023-05-14T18:14:00 IST" skipped="0">
  <testcase classname="Datdrivenfreamwrk.Bothcrt" name="loginwithbothCorrect" time="15.086"/>
  <system-out/>
</testsuite> <!-- Datdrivenfreamwrk.Bothcrt -->
