<?xml version="1.0" encoding="UTF-8"?>
<!-- Generated by org.testng.reporters.JUnitReportReporter -->
<testsuite hostname="DELL" failures="0" tests="1" name="Datdrivenfreamwrk.Bothincrt" time="11.196" errors="0" timestamp="2023-05-14T18:14:00 IST" skipped="0">
  <testcase classname="Datdrivenfreamwrk.Bothincrt" name="loginwithbothincorrect" time="11.196"/>
  <system-out/>
</testsuite> <!-- Datdrivenfreamwrk.Bothincrt -->
