<?xml version="1.0" encoding="UTF-8"?>
<!-- Generated by org.testng.reporters.JUnitReportReporter -->
<testsuite hostname="DELL" failures="0" tests="1" name="freamWrk.fmexmple" time="0.047" errors="0" timestamp="2023-05-14T16:21:44 IST" skipped="0">
  <testcase classname="freamWrk.fmexmple" name="startcr" time="0.047"/>
  <system-out/>
</testsuite> <!-- freamWrk.fmexmple -->
