<?xml version="1.0" encoding="UTF-8"?>
<!-- Generated by org.testng.reporters.JUnitReportReporter -->
<testsuite hostname="DELL" failures="0" tests="6" name="freamWrk.mamprgramdd" time="27.365" errors="0" timestamp="2023-05-14T21:48:49 IST" skipped="0">
  <testcase classname="freamWrk.mamprgramdd" name="Verifytest" time="4.544"/>
  <system-out/>
  <testcase classname="freamWrk.mamprgramdd" name="Verifytest" time="4.659"/>
  <system-out/>
  <testcase classname="freamWrk.mamprgramdd" name="Verifytest" time="4.460"/>
  <system-out/>
  <testcase classname="freamWrk.mamprgramdd" name="Verifytest" time="4.603"/>
  <system-out/>
  <testcase classname="freamWrk.mamprgramdd" name="Verifytest" time="4.580"/>
  <system-out/>
  <testcase classname="freamWrk.mamprgramdd" name="Verifytest" time="4.519"/>
  <system-out/>
</testsuite> <!-- freamWrk.mamprgramdd -->
