<?xml version="1.0" encoding="UTF-8"?>
<!-- Generated by org.testng.reporters.JUnitReportReporter -->
<testsuite hostname="DELL" failures="0" tests="18" name="freamWrk.usingdataprovider" time="26.654" errors="0" timestamp="2023-05-16T12:19:45 IST" skipped="0">
  <testcase classname="freamWrk.usingdataprovider" name="verifytest" time="1.449"/>
  <system-out/>
  <testcase classname="freamWrk.usingdataprovider" name="verifytest" time="1.389"/>
  <system-out/>
  <testcase classname="freamWrk.usingdataprovider" name="verifytest" time="1.410"/>
  <system-out/>
  <testcase classname="freamWrk.usingdataprovider" name="verifytest" time="1.599"/>
  <system-out/>
  <testcase classname="freamWrk.usingdataprovider" name="verifytest" time="1.458"/>
  <system-out/>
  <testcase classname="freamWrk.usingdataprovider" name="verifytest" time="1.485"/>
  <system-out/>
  <testcase classname="freamWrk.usingdataprovider" name="verifytest" time="1.424"/>
  <system-out/>
  <testcase classname="freamWrk.usingdataprovider" name="verifytest" time="1.554"/>
  <system-out/>
  <testcase classname="freamWrk.usingdataprovider" name="verifytest" time="1.494"/>
  <system-out/>
  <testcase classname="freamWrk.usingdataprovider" name="verifytest" time="1.402"/>
  <system-out/>
  <testcase classname="freamWrk.usingdataprovider" name="verifytest" time="1.522"/>
  <system-out/>
  <testcase classname="freamWrk.usingdataprovider" name="verifytest" time="1.552"/>
  <system-out/>
  <testcase classname="freamWrk.usingdataprovider" name="verifytest" time="1.448"/>
  <system-out/>
  <testcase classname="freamWrk.usingdataprovider" name="verifytest" time="1.478"/>
  <system-out/>
  <testcase classname="freamWrk.usingdataprovider" name="verifytest" time="1.490"/>
  <system-out/>
  <testcase classname="freamWrk.usingdataprovider" name="verifytest" time="1.430"/>
  <system-out/>
  <testcase classname="freamWrk.usingdataprovider" name="verifytest" time="1.482"/>
  <system-out/>
  <testcase classname="freamWrk.usingdataprovider" name="verifytest" time="1.588"/>
  <system-out/>
</testsuite> <!-- freamWrk.usingdataprovider -->
