<?xml version="1.0" encoding="UTF-8"?>
<!-- Generated by org.testng.reporters.JUnitReportReporter -->
<testsuite hostname="DELL" failures="0" tests="7" name="freamWrk.ReddifDataDrive" time="24.480" errors="0" timestamp="2023-05-15T13:00:46 IST" skipped="0">
  <testcase classname="freamWrk.ReddifDataDrive" name="Verifytest" time="7.825"/>
  <system-out/>
  <testcase classname="freamWrk.ReddifDataDrive" name="Verifytest" time="3.528"/>
  <system-out/>
  <testcase classname="freamWrk.ReddifDataDrive" name="Verifytest" time="2.607"/>
  <system-out/>
  <testcase classname="freamWrk.ReddifDataDrive" name="Verifytest" time="2.702"/>
  <system-out/>
  <testcase classname="freamWrk.ReddifDataDrive" name="Verifytest" time="2.595"/>
  <system-out/>
  <testcase classname="freamWrk.ReddifDataDrive" name="Verifytest" time="2.561"/>
  <system-out/>
  <testcase classname="freamWrk.ReddifDataDrive" name="Verifytest" time="2.662"/>
  <system-out/>
</testsuite> <!-- freamWrk.ReddifDataDrive -->
