<?xml version="1.0" encoding="UTF-8"?>
<!-- Generated by org.testng.reporters.JUnitReportReporter -->
<testsuite hostname="DELL" failures="0" tests="1" name="Datdrivenfreamwrk.crtpssword" time="11.385" errors="0" timestamp="2023-05-14T18:14:01 IST" skipped="0">
  <testcase classname="Datdrivenfreamwrk.crtpssword" name="loginwithCorrectpassword" time="11.385"/>
  <system-out/>
</testsuite> <!-- Datdrivenfreamwrk.crtpssword -->
