<?xml version="1.0" encoding="UTF-8"?>
<!-- Generated by org.testng.reporters.JUnitReportReporter -->
<testsuite hostname="DELL" failures="0" tests="2" name="programPractice.parallelttesting" time="39.837" errors="0" timestamp="2023-05-14T13:58:59 IST" skipped="0">
  <testcase classname="programPractice.parallelttesting" name="openggoogle" time="22.762"/>
  <system-out/>
  <testcase classname="programPractice.parallelttesting" name="openbing" time="17.075"/>
  <system-out/>
</testsuite> <!-- programPractice.parallelttesting -->
