<?xml version="1.0" encoding="UTF-8"?>
<!-- Generated by org.testng.reporters.JUnitReportReporter -->
<testsuite hostname="DELL" failures="0" tests="4" name="Datdrivenfreamwrk.Loginexample" time="48.072" errors="0" timestamp="2023-05-14T18:56:40 IST" skipped="0">
  <testcase classname="Datdrivenfreamwrk.Loginexample" name="loginwithbothCorrect" time="10.418"/>
  <system-out/>
  <testcase classname="Datdrivenfreamwrk.Loginexample" name="loginwithbothCorrect" time="14.893"/>
  <system-out/>
  <testcase classname="Datdrivenfreamwrk.Loginexample" name="loginwithbothCorrect" time="11.590"/>
  <system-out/>
  <testcase classname="Datdrivenfreamwrk.Loginexample" name="loginwithbothCorrect" time="11.171"/>
  <system-out/>
</testsuite> <!-- Datdrivenfreamwrk.Loginexample -->
